# JRE version: Java(TM) SE Runtime Environment (7.0_75-b13) (build 1.7.0_75-b13)
# Java VM: Java HotSpot(TM) 64-Bit Server VM (24.75-b04 mixed mode windows-amd64 compressed oops)
Heap
 PSYoungGen      total 59392K, used 16686K [0x00000000eaa80000, 0x00000000eeb00000, 0x0000000100000000)
  eden space 52736K, 30% used [0x00000000eaa80000,0x00000000eba739b8,0x00000000ede00000)
  from space 6656K, 5% used [0x00000000ede00000,0x00000000ede58000,0x00000000ee480000)
  to   space 6656K, 0% used [0x00000000ee480000,0x00000000ee480000,0x00000000eeb00000)
 ParOldGen       total 42496K, used 12638K [0x00000000c0000000, 0x00000000c2980000, 0x00000000eaa80000)
  object space 42496K, 29% used [0x00000000c0000000,0x00000000c0c57878,0x00000000c2980000)
 PSPermGen       total 21504K, used 21487K [0x00000000b0000000, 0x00000000b1500000, 0x00000000c0000000)
  object space 21504K, 99% used [0x00000000b0000000,0x00000000b14fbd30,0x00000000b1500000)
GC Heap History (10 events):
Event: 19.437 GC heap before
{Heap before GC invocations=7 (full 0):
 PSYoungGen      total 23040K, used 20995K [0x00000000eaa80000, 0x00000000ec780000, 0x0000000100000000)
  eden space 16384K, 100% used [0x00000000eaa80000,0x00000000eba80000,0x00000000eba80000)
  from space 6656K, 69% used [0x00000000ec100000,0x00000000ec580e90,0x00000000ec780000)
  to   space 6656K, 0% used [0x00000000eba80000,0x00000000eba80000,0x00000000ec100000)
 ParOldGen       total 42496K, used 7439K [0x00000000c0000000, 0x00000000c2980000, 0x00000000eaa80000)
  object space 42496K, 17% used [0x00000000c0000000,0x00000000c0743c98,0x00000000c2980000)
 PSPermGen       total 21504K, used 19569K [0x00000000b0000000, 0x00000000b1500000, 0x00000000c0000000)
  object space 21504K, 91% used [0x00000000b0000000,0x00000000b131c588,0x00000000b1500000)
Event: 19.445 GC heap after
Heap after GC invocations=7 (full 0):
 PSYoungGen      total 23040K, used 4527K [0x00000000eaa80000, 0x00000000ed780000, 0x0000000100000000)
  eden space 16384K, 0% used [0x00000000eaa80000,0x00000000eaa80000,0x00000000eba80000)
  from space 6656K, 68% used [0x00000000eba80000,0x00000000ebeebe58,0x00000000ec100000)
  to   space 6656K, 0% used [0x00000000ed100000,0x00000000ed100000,0x00000000ed780000)
 ParOldGen       total 42496K, used 8080K [0x00000000c0000000, 0x00000000c2980000, 0x00000000eaa80000)
  object space 42496K, 19% used [0x00000000c0000000,0x00000000c07e42e8,0x00000000c2980000)
 PSPermGen       total 21504K, used 19569K [0x00000000b0000000, 0x00000000b1500000, 0x00000000c0000000)
  object space 21504K, 91% used [0x00000000b0000000,0x00000000b131c588,0x00000000b1500000)
}
Event: 19.710 GC heap before
{Heap before GC invocations=8 (full 0):
 PSYoungGen      total 23040K, used 20911K [0x00000000eaa80000, 0x00000000ed780000, 0x0000000100000000)
  eden space 16384K, 100% used [0x00000000eaa80000,0x00000000eba80000,0x00000000eba80000)
  from space 6656K, 68% used [0x00000000eba80000,0x00000000ebeebe58,0x00000000ec100000)
  to   space 6656K, 0% used [0x00000000ed100000,0x00000000ed100000,0x00000000ed780000)
 ParOldGen       total 42496K, used 8080K [0x00000000c0000000, 0x00000000c2980000, 0x00000000eaa80000)
  object space 42496K, 19% used [0x00000000c0000000,0x00000000c07e42e8,0x00000000c2980000)
 PSPermGen       total 21504K, used 21448K [0x00000000b0000000, 0x00000000b1500000, 0x00000000c0000000)
  object space 21504K, 99% used [0x00000000b0000000,0x00000000b14f2050,0x00000000b1500000)
Event: 19.717 GC heap after
Heap after GC invocations=8 (full 0):
 PSYoungGen      total 38400K, used 4187K [0x00000000eaa80000, 0x00000000ed680000, 0x0000000100000000)
  eden space 32768K, 0% used [0x00000000eaa80000,0x00000000eaa80000,0x00000000eca80000)
  from space 5632K, 74% used [0x00000000ed100000,0x00000000ed516f00,0x00000000ed680000)
  to   space 6144K, 0% used [0x00000000eca80000,0x00000000eca80000,0x00000000ed080000)
 ParOldGen       total 42496K, used 9380K [0x00000000c0000000, 0x00000000c2980000, 0x00000000eaa80000)
  object space 42496K, 22% used [0x00000000c0000000,0x00000000c09293e8,0x00000000c2980000)
 PSPermGen       total 21504K, used 21448K [0x00000000b0000000, 0x00000000b1500000, 0x00000000c0000000)
  object space 21504K, 99% used [0x00000000b0000000,0x00000000b14f2050,0x00000000b1500000)
}
Event: 19.816 GC heap before
{Heap before GC invocations=9 (full 0):
 PSYoungGen      total 38400K, used 36955K [0x00000000eaa80000, 0x00000000ed680000, 0x0000000100000000)
  eden space 32768K, 100% used [0x00000000eaa80000,0x00000000eca80000,0x00000000eca80000)
  from space 5632K, 74% used [0x00000000ed100000,0x00000000ed516f00,0x00000000ed680000)
  to   space 6144K, 0% used [0x00000000eca80000,0x00000000eca80000,0x00000000ed080000)
 ParOldGen       total 42496K, used 9380K [0x00000000c0000000, 0x00000000c2980000, 0x00000000eaa80000)
  object space 42496K, 22% used [0x00000000c0000000,0x00000000c09293e8,0x00000000c2980000)
 PSPermGen       total 21504K, used 21451K [0x00000000b0000000, 0x00000000b1500000, 0x00000000c0000000)
  object space 21504K, 99% used [0x00000000b0000000,0x00000000b14f2ff0,0x00000000b1500000)
Event: 19.820 GC heap after
Heap after GC invocations=9 (full 0):
 PSYoungGen      total 38912K, used 2008K [0x00000000eaa80000, 0x00000000eeb00000, 0x0000000100000000)
  eden space 32768K, 0% used [0x00000000eaa80000,0x00000000eaa80000,0x00000000eca80000)
  from space 6144K, 32% used [0x00000000eca80000,0x00000000ecc760d0,0x00000000ed080000)
  to   space 6656K, 0% used [0x00000000ee480000,0x00000000ee480000,0x00000000eeb00000)
 ParOldGen       total 42496K, used 10473K [0x00000000c0000000, 0x00000000c2980000, 0x00000000eaa80000)
  object space 42496K, 24% used [0x00000000c0000000,0x00000000c0a3a718,0x00000000c2980000)
 PSPermGen       total 21504K, used 21451K [0x00000000b0000000, 0x00000000b1500000, 0x00000000c0000000)
  object space 21504K, 99% used [0x00000000b0000000,0x00000000b14f2ff0,0x00000000b1500000)
}
Event: 19.907 GC heap before
{Heap before GC invocations=10 (full 0):
 PSYoungGen      total 38912K, used 34776K [0x00000000eaa80000, 0x00000000eeb00000, 0x0000000100000000)
  eden space 32768K, 100% used [0x00000000eaa80000,0x00000000eca80000,0x00000000eca80000)
  from space 6144K, 32% used [0x00000000eca80000,0x00000000ecc760d0,0x00000000ed080000)
  to   space 6656K, 0% used [0x00000000ee480000,0x00000000ee480000,0x00000000eeb00000)
 ParOldGen       total 42496K, used 10473K [0x00000000c0000000, 0x00000000c2980000, 0x00000000eaa80000)
  object space 42496K, 24% used [0x00000000c0000000,0x00000000c0a3a718,0x00000000c2980000)
 PSPermGen       total 21504K, used 21455K [0x00000000b0000000, 0x00000000b1500000, 0x00000000c0000000)
  object space 21504K, 99% used [0x00000000b0000000,0x00000000b14f3e80,0x00000000b1500000)
Event: 19.910 GC heap after
Heap after GC invocations=10 (full 0):
 PSYoungGen      total 59392K, used 416K [0x00000000eaa80000, 0x00000000eeb00000, 0x0000000100000000)
  eden space 52736K, 0% used [0x00000000eaa80000,0x00000000eaa80000,0x00000000ede00000)
  from space 6656K, 6% used [0x00000000ee480000,0x00000000ee4e8000,0x00000000eeb00000)
  to   space 6656K, 0% used [0x00000000ede00000,0x00000000ede00000,0x00000000ee480000)
 ParOldGen       total 42496K, used 12270K [0x00000000c0000000, 0x00000000c2980000, 0x00000000eaa80000)
  object space 42496K, 28% used [0x00000000c0000000,0x00000000c0bfb878,0x00000000c2980000)
 PSPermGen       total 21504K, used 21455K [0x00000000b0000000, 0x00000000b1500000, 0x00000000c0000000)
  object space 21504K, 99% used [0x00000000b0000000,0x00000000b14f3e80,0x00000000b1500000)
}
Event: 20.063 GC heap before
{Heap before GC invocations=11 (full 0):
 PSYoungGen      total 59392K, used 53152K [0x00000000eaa80000, 0x00000000eeb00000, 0x0000000100000000)
  eden space 52736K, 100% used [0x00000000eaa80000,0x00000000ede00000,0x00000000ede00000)
  from space 6656K, 6% used [0x00000000ee480000,0x00000000ee4e8000,0x00000000eeb00000)
  to   space 6656K, 0% used [0x00000000ede00000,0x00000000ede00000,0x00000000ee480000)
 ParOldGen       total 42496K, used 12270K [0x00000000c0000000, 0x00000000c2980000, 0x00000000eaa80000)
  object space 42496K, 28% used [0x00000000c0000000,0x00000000c0bfb878,0x00000000c2980000)
 PSPermGen       total 21504K, used 21468K [0x00000000b0000000, 0x00000000b1500000, 0x00000000c0000000)
  object space 21504K, 99% used [0x00000000b0000000,0x00000000b14f73a0,0x00000000b1500000)
Event: 20.064 GC heap after
Heap after GC invocations=11 (full 0):
 PSYoungGen      total 59392K, used 352K [0x00000000eaa80000, 0x00000000eeb00000, 0x0000000100000000)
  eden space 52736K, 0% used [0x00000000eaa80000,0x00000000eaa80000,0x00000000ede00000)
  from space 6656K, 5% used [0x00000000ede00000,0x00000000ede58000,0x00000000ee480000)
  to   space 6656K, 0% used [0x00000000ee480000,0x00000000ee480000,0x00000000eeb00000)
 ParOldGen       total 42496K, used 12638K [0x00000000c0000000, 0x00000000c2980000, 0x00000000eaa80000)
  object space 42496K, 29% used [0x00000000c0000000,0x00000000c0c57878,0x00000000c2980000)
 PSPermGen       total 21504K, used 21468K [0x00000000b0000000, 0x00000000b1500000, 0x00000000c0000000)
  object space 21504K, 99% used [0x00000000b0000000,0x00000000b14f73a0,0x00000000b1500000)
}

