# JRE version: Java(TM) SE Runtime Environment (7.0_75-b13) (build 1.7.0_75-b13)
# Java VM: Java HotSpot(TM) 64-Bit Server VM (24.75-b04 mixed mode windows-amd64 compressed oops)
Heap
 PSYoungGen      total 72704K, used 45942K [0x00000000eaa80000, 0x00000000ef880000, 0x0000000100000000)
  eden space 65536K, 69% used [0x00000000eaa80000,0x00000000ed6c59c0,0x00000000eea80000)
  from space 7168K, 8% used [0x00000000ef180000,0x00000000ef218010,0x00000000ef880000)
  to   space 7168K, 0% used [0x00000000eea80000,0x00000000eea80000,0x00000000ef180000)
 ParOldGen       total 42496K, used 13446K [0x00000000c0000000, 0x00000000c2980000, 0x00000000eaa80000)
  object space 42496K, 31% used [0x00000000c0000000,0x00000000c0d21820,0x00000000c2980000)
 PSPermGen       total 23552K, used 23118K [0x00000000b0000000, 0x00000000b1700000, 0x00000000c0000000)
  object space 23552K, 98% used [0x00000000b0000000,0x00000000b1693b48,0x00000000b1700000)
GC Heap History (10 events):
Event: 7.125 GC heap before
{Heap before GC invocations=8 (full 0):
 PSYoungGen      total 39424K, used 39120K [0x00000000eaa80000, 0x00000000ef880000, 0x0000000100000000)
  eden space 32768K, 100% used [0x00000000eaa80000,0x00000000eca80000,0x00000000eca80000)
  from space 6656K, 95% used [0x00000000eca80000,0x00000000ed0b43d0,0x00000000ed100000)
  to   space 7168K, 0% used [0x00000000ef180000,0x00000000ef180000,0x00000000ef880000)
 ParOldGen       total 42496K, used 8164K [0x00000000c0000000, 0x00000000c2980000, 0x00000000eaa80000)
  object space 42496K, 19% used [0x00000000c0000000,0x00000000c07f92e8,0x00000000c2980000)
 PSPermGen       total 21504K, used 21452K [0x00000000b0000000, 0x00000000b1500000, 0x00000000c0000000)
  object space 21504K, 99% used [0x00000000b0000000,0x00000000b14f3148,0x00000000b1500000)
Event: 7.132 GC heap after
Heap after GC invocations=8 (full 0):
 PSYoungGen      total 72704K, used 2996K [0x00000000eaa80000, 0x00000000ef880000, 0x0000000100000000)
  eden space 65536K, 0% used [0x00000000eaa80000,0x00000000eaa80000,0x00000000eea80000)
  from space 7168K, 41% used [0x00000000ef180000,0x00000000ef46d0d0,0x00000000ef880000)
  to   space 7168K, 0% used [0x00000000eea80000,0x00000000eea80000,0x00000000ef180000)
 ParOldGen       total 42496K, used 9440K [0x00000000c0000000, 0x00000000c2980000, 0x00000000eaa80000)
  object space 42496K, 22% used [0x00000000c0000000,0x00000000c0938350,0x00000000c2980000)
 PSPermGen       total 21504K, used 21452K [0x00000000b0000000, 0x00000000b1500000, 0x00000000c0000000)
  object space 21504K, 99% used [0x00000000b0000000,0x00000000b14f3148,0x00000000b1500000)
}
Event: 7.341 GC heap before
{Heap before GC invocations=9 (full 0):
 PSYoungGen      total 72704K, used 68532K [0x00000000eaa80000, 0x00000000ef880000, 0x0000000100000000)
  eden space 65536K, 100% used [0x00000000eaa80000,0x00000000eea80000,0x00000000eea80000)
  from space 7168K, 41% used [0x00000000ef180000,0x00000000ef46d0d0,0x00000000ef880000)
  to   space 7168K, 0% used [0x00000000eea80000,0x00000000eea80000,0x00000000ef180000)
 ParOldGen       total 42496K, used 9440K [0x00000000c0000000, 0x00000000c2980000, 0x00000000eaa80000)
  object space 42496K, 22% used [0x00000000c0000000,0x00000000c0938350,0x00000000c2980000)
 PSPermGen       total 21504K, used 21465K [0x00000000b0000000, 0x00000000b1500000, 0x00000000c0000000)
  object space 21504K, 99% used [0x00000000b0000000,0x00000000b14f6630,0x00000000b1500000)
Event: 7.347 GC heap after
Heap after GC invocations=9 (full 0):
 PSYoungGen      total 72704K, used 2356K [0x00000000eaa80000, 0x00000000ef880000, 0x0000000100000000)
  eden space 65536K, 0% used [0x00000000eaa80000,0x00000000eaa80000,0x00000000eea80000)
  from space 7168K, 32% used [0x00000000eea80000,0x00000000eeccd0d0,0x00000000ef180000)
  to   space 7168K, 0% used [0x00000000ef180000,0x00000000ef180000,0x00000000ef880000)
 ParOldGen       total 42496K, used 10433K [0x00000000c0000000, 0x00000000c2980000, 0x00000000eaa80000)
  object space 42496K, 24% used [0x00000000c0000000,0x00000000c0a30690,0x00000000c2980000)
 PSPermGen       total 21504K, used 21465K [0x00000000b0000000, 0x00000000b1500000, 0x00000000c0000000)
  object space 21504K, 99% used [0x00000000b0000000,0x00000000b14f6630,0x00000000b1500000)
}
Event: 7.635 GC heap before
{Heap before GC invocations=10 (full 0):
 PSYoungGen      total 72704K, used 67892K [0x00000000eaa80000, 0x00000000ef880000, 0x0000000100000000)
  eden space 65536K, 100% used [0x00000000eaa80000,0x00000000eea80000,0x00000000eea80000)
  from space 7168K, 32% used [0x00000000eea80000,0x00000000eeccd0d0,0x00000000ef180000)
  to   space 7168K, 0% used [0x00000000ef180000,0x00000000ef180000,0x00000000ef880000)
 ParOldGen       total 42496K, used 10433K [0x00000000c0000000, 0x00000000c2980000, 0x00000000eaa80000)
  object space 42496K, 24% used [0x00000000c0000000,0x00000000c0a30690,0x00000000c2980000)
 PSPermGen       total 21504K, used 21491K [0x00000000b0000000, 0x00000000b1500000, 0x00000000c0000000)
  object space 21504K, 99% used [0x00000000b0000000,0x00000000b14fccd8,0x00000000b1500000)
Event: 7.639 GC heap after
Heap after GC invocations=10 (full 0):
 PSYoungGen      total 72704K, used 832K [0x00000000eaa80000, 0x00000000ef880000, 0x0000000100000000)
  eden space 65536K, 0% used [0x00000000eaa80000,0x00000000eaa80000,0x00000000eea80000)
  from space 7168K, 11% used [0x00000000ef180000,0x00000000ef250000,0x00000000ef880000)
  to   space 7168K, 0% used [0x00000000eea80000,0x00000000eea80000,0x00000000ef180000)
 ParOldGen       total 42496K, used 12405K [0x00000000c0000000, 0x00000000c2980000, 0x00000000eaa80000)
  object space 42496K, 29% used [0x00000000c0000000,0x00000000c0c1d7f0,0x00000000c2980000)
 PSPermGen       total 21504K, used 21491K [0x00000000b0000000, 0x00000000b1500000, 0x00000000c0000000)
  object space 21504K, 99% used [0x00000000b0000000,0x00000000b14fccd8,0x00000000b1500000)
}
Event: 7.903 GC heap before
{Heap before GC invocations=11 (full 0):
 PSYoungGen      total 72704K, used 66368K [0x00000000eaa80000, 0x00000000ef880000, 0x0000000100000000)
  eden space 65536K, 100% used [0x00000000eaa80000,0x00000000eea80000,0x00000000eea80000)
  from space 7168K, 11% used [0x00000000ef180000,0x00000000ef250000,0x00000000ef880000)
  to   space 7168K, 0% used [0x00000000eea80000,0x00000000eea80000,0x00000000ef180000)
 ParOldGen       total 42496K, used 12405K [0x00000000c0000000, 0x00000000c2980000, 0x00000000eaa80000)
  object space 42496K, 29% used [0x00000000c0000000,0x00000000c0c1d7f0,0x00000000c2980000)
 PSPermGen       total 21504K, used 21496K [0x00000000b0000000, 0x00000000b1500000, 0x00000000c0000000)
  object space 21504K, 99% used [0x00000000b0000000,0x00000000b14fe160,0x00000000b1500000)
Event: 7.906 GC heap after
Heap after GC invocations=11 (full 0):
 PSYoungGen      total 72704K, used 288K [0x00000000eaa80000, 0x00000000ef880000, 0x0000000100000000)
  eden space 65536K, 0% used [0x00000000eaa80000,0x00000000eaa80000,0x00000000eea80000)
  from space 7168K, 4% used [0x00000000eea80000,0x00000000eeac8000,0x00000000ef180000)
  to   space 7168K, 0% used [0x00000000ef180000,0x00000000ef180000,0x00000000ef880000)
 ParOldGen       total 42496K, used 13198K [0x00000000c0000000, 0x00000000c2980000, 0x00000000eaa80000)
  object space 42496K, 31% used [0x00000000c0000000,0x00000000c0ce3820,0x00000000c2980000)
 PSPermGen       total 21504K, used 21496K [0x00000000b0000000, 0x00000000b1500000, 0x00000000c0000000)
  object space 21504K, 99% used [0x00000000b0000000,0x00000000b14fe160,0x00000000b1500000)
}
Event: 8.102 GC heap before
{Heap before GC invocations=12 (full 0):
 PSYoungGen      total 72704K, used 65824K [0x00000000eaa80000, 0x00000000ef880000, 0x0000000100000000)
  eden space 65536K, 100% used [0x00000000eaa80000,0x00000000eea80000,0x00000000eea80000)
  from space 7168K, 4% used [0x00000000eea80000,0x00000000eeac8000,0x00000000ef180000)
  to   space 7168K, 0% used [0x00000000ef180000,0x00000000ef180000,0x00000000ef880000)
 ParOldGen       total 42496K, used 13198K [0x00000000c0000000, 0x00000000c2980000, 0x00000000eaa80000)
  object space 42496K, 31% used [0x00000000c0000000,0x00000000c0ce3820,0x00000000c2980000)
 PSPermGen       total 22016K, used 21511K [0x00000000b0000000, 0x00000000b1580000, 0x00000000c0000000)
  object space 22016K, 97% used [0x00000000b0000000,0x00000000b1501fd0,0x00000000b1580000)
Event: 8.104 GC heap after
Heap after GC invocations=12 (full 0):
 PSYoungGen      total 72704K, used 608K [0x00000000eaa80000, 0x00000000ef880000, 0x0000000100000000)
  eden space 65536K, 0% used [0x00000000eaa80000,0x00000000eaa80000,0x00000000eea80000)
  from space 7168K, 8% used [0x00000000ef180000,0x00000000ef218010,0x00000000ef880000)
  to   space 7168K, 0% used [0x00000000eea80000,0x00000000eea80000,0x00000000ef180000)
 ParOldGen       total 42496K, used 13446K [0x00000000c0000000, 0x00000000c2980000, 0x00000000eaa80000)
  object space 42496K, 31% used [0x00000000c0000000,0x00000000c0d21820,0x00000000c2980000)
 PSPermGen       total 22016K, used 21511K [0x00000000b0000000, 0x00000000b1580000, 0x00000000c0000000)
  object space 22016K, 97% used [0x00000000b0000000,0x00000000b1501fd0,0x00000000b1580000)
}

